<?xml version="1.0" encoding="UTF-8"?>
<!-- Generated by org.testng.reporters.JUnitReportReporter -->
<testsuite hostname="DESKTOP-0RE3VLS" failures="0" tests="1" name="testLayer.SCMTest" time="10.546" errors="0" timestamp="2022-06-05T19:19:08 EDT" skipped="0">
  <testcase classname="testLayer.SCMTest" name="Product_Information" time="10.546"/>
  <system-out/>
</testsuite> <!-- testLayer.SCMTest -->
